app/build/intermediates/manifest_merge_blame_file/debug/manifest-merger-blame-debug-report.txt
1<?xml version="1.0" encoding="utf-8"?>
2<manifest xmlns:android="http://schemas.android.com/apk/res/android"
3    package="com.smartemergency.app"
4    android:versionCode="1"
5    android:versionName="1.0" >
6
7    <uses-sdk
8        android:minSdkVersion="24"
9        android:targetSdkVersion="34" />
10
11    <!-- Permissions -->
12    <uses-permission android:name="android.permission.ACCESS_FINE_LOCATION" />
12-->src/main/AndroidManifest.xml:5:5-79
12-->src/main/AndroidManifest.xml:5:22-76
13    <uses-permission android:name="android.permission.ACCESS_COARSE_LOCATION" />
13-->src/main/AndroidManifest.xml:6:5-81
13-->src/main/AndroidManifest.xml:6:22-78
14    <uses-permission android:name="android.permission.SEND_SMS" />
14-->src/main/AndroidManifest.xml:7:5-67
14-->src/main/AndroidManifest.xml:7:22-64
15    <uses-permission android:name="android.permission.INTERNET" />
15-->src/main/AndroidManifest.xml:8:5-67
15-->src/main/AndroidManifest.xml:8:22-64
16    <uses-permission android:name="android.permission.VIBRATE" />
16-->src/main/AndroidManifest.xml:9:5-66
16-->src/main/AndroidManifest.xml:9:22-63
17    <uses-permission android:name="android.permission.FOREGROUND_SERVICE" />
17-->src/main/AndroidManifest.xml:10:5-77
17-->src/main/AndroidManifest.xml:10:22-74
18
19    <uses-feature
19-->src/main/AndroidManifest.xml:11:5-88
20        android:name="android.hardware.telephony"
20-->src/main/AndroidManifest.xml:11:19-60
21        android:required="false" />
21-->src/main/AndroidManifest.xml:11:61-85
22
23    <permission
23-->[androidx.core:core:1.12.0] AndroidManifest.xml:22:5-24:47
24        android:name="com.smartemergency.app.DYNAMIC_RECEIVER_NOT_EXPORTED_PERMISSION"
24-->[androidx.core:core:1.12.0] AndroidManifest.xml:23:9-81
25        android:protectionLevel="signature" />
25-->[androidx.core:core:1.12.0] AndroidManifest.xml:24:9-44
26
27    <uses-permission android:name="com.smartemergency.app.DYNAMIC_RECEIVER_NOT_EXPORTED_PERMISSION" />
27-->[androidx.core:core:1.12.0] AndroidManifest.xml:26:5-97
27-->[androidx.core:core:1.12.0] AndroidManifest.xml:26:22-94
28
29    <application
29-->src/main/AndroidManifest.xml:13:5-56:19
30        android:allowBackup="true"
30-->src/main/AndroidManifest.xml:14:9-35
31        android:appComponentFactory="androidx.core.app.CoreComponentFactory"
31-->[androidx.core:core:1.12.0] AndroidManifest.xml:28:18-86
32        android:debuggable="true"
33        android:extractNativeLibs="false"
34        android:icon="@mipmap/ic_launcher"
34-->src/main/AndroidManifest.xml:15:9-43
35        android:label="@string/app_name"
35-->src/main/AndroidManifest.xml:16:9-41
36        android:roundIcon="@mipmap/ic_launcher_round"
36-->src/main/AndroidManifest.xml:17:9-54
37        android:supportsRtl="true"
37-->src/main/AndroidManifest.xml:18:9-35
38        android:testOnly="true"
39        android:theme="@style/Theme.SmartEmergencyApp" >
39-->src/main/AndroidManifest.xml:19:9-55
40        <activity
40-->src/main/AndroidManifest.xml:22:9-30:20
41            android:name="com.smartemergency.app.MainActivity"
41-->src/main/AndroidManifest.xml:23:13-41
42            android:exported="true"
42-->src/main/AndroidManifest.xml:24:13-36
43            android:label="@string/app_name" >
43-->src/main/AndroidManifest.xml:25:13-45
44            <intent-filter>
44-->src/main/AndroidManifest.xml:26:13-29:29
45                <action android:name="android.intent.action.MAIN" />
45-->src/main/AndroidManifest.xml:27:17-69
45-->src/main/AndroidManifest.xml:27:25-66
46
47                <category android:name="android.intent.category.LAUNCHER" />
47-->src/main/AndroidManifest.xml:28:17-77
47-->src/main/AndroidManifest.xml:28:27-74
48            </intent-filter>
49        </activity>
50        <activity
50-->src/main/AndroidManifest.xml:32:9-36:58
51            android:name="com.smartemergency.app.EmergencyContactsActivity"
51-->src/main/AndroidManifest.xml:33:13-54
52            android:exported="false"
52-->src/main/AndroidManifest.xml:34:13-37
53            android:label="@string/title_contacts"
53-->src/main/AndroidManifest.xml:35:13-51
54            android:parentActivityName="com.smartemergency.app.MainActivity" />
54-->src/main/AndroidManifest.xml:36:13-55
55        <activity
55-->src/main/AndroidManifest.xml:38:9-42:58
56            android:name="com.smartemergency.app.SettingsActivity"
56-->src/main/AndroidManifest.xml:39:13-45
57            android:exported="false"
57-->src/main/AndroidManifest.xml:40:13-37
58            android:label="@string/title_settings"
58-->src/main/AndroidManifest.xml:41:13-51
59            android:parentActivityName="com.smartemergency.app.MainActivity" />
59-->src/main/AndroidManifest.xml:42:13-55
60        <activity
60-->src/main/AndroidManifest.xml:44:9-48:58
61            android:name="com.smartemergency.app.LiveTrackingActivity"
61-->src/main/AndroidManifest.xml:45:13-49
62            android:exported="false"
62-->src/main/AndroidManifest.xml:46:13-37
63            android:label="@string/title_tracking"
63-->src/main/AndroidManifest.xml:47:13-51
64            android:parentActivityName="com.smartemergency.app.MainActivity" />
64-->src/main/AndroidManifest.xml:48:13-55
65        <activity
65-->src/main/AndroidManifest.xml:50:9-54:58
66            android:name="com.smartemergency.app.AlertStatusActivity"
66-->src/main/AndroidManifest.xml:51:13-48
67            android:exported="false"
67-->src/main/AndroidManifest.xml:52:13-37
68            android:label="@string/title_alert_status"
68-->src/main/AndroidManifest.xml:53:13-55
69            android:parentActivityName="com.smartemergency.app.MainActivity" />
69-->src/main/AndroidManifest.xml:54:13-55
70
71        <provider
71-->[androidx.emoji2:emoji2:1.2.0] AndroidManifest.xml:24:9-32:20
72            android:name="androidx.startup.InitializationProvider"
72-->[androidx.emoji2:emoji2:1.2.0] AndroidManifest.xml:25:13-67
73            android:authorities="com.smartemergency.app.androidx-startup"
73-->[androidx.emoji2:emoji2:1.2.0] AndroidManifest.xml:26:13-68
74            android:exported="false" >
74-->[androidx.emoji2:emoji2:1.2.0] AndroidManifest.xml:27:13-37
75            <meta-data
75-->[androidx.emoji2:emoji2:1.2.0] AndroidManifest.xml:29:13-31:52
76                android:name="androidx.emoji2.text.EmojiCompatInitializer"
76-->[androidx.emoji2:emoji2:1.2.0] AndroidManifest.xml:30:17-75
77                android:value="androidx.startup" />
77-->[androidx.emoji2:emoji2:1.2.0] AndroidManifest.xml:31:17-49
78            <meta-data
78-->[androidx.lifecycle:lifecycle-process:2.6.1] AndroidManifest.xml:29:13-31:52
79                android:name="androidx.lifecycle.ProcessLifecycleInitializer"
79-->[androidx.lifecycle:lifecycle-process:2.6.1] AndroidManifest.xml:30:17-78
80                android:value="androidx.startup" />
80-->[androidx.lifecycle:lifecycle-process:2.6.1] AndroidManifest.xml:31:17-49
81            <meta-data
81-->[androidx.profileinstaller:profileinstaller:1.3.0] AndroidManifest.xml:29:13-31:52
82                android:name="androidx.profileinstaller.ProfileInstallerInitializer"
82-->[androidx.profileinstaller:profileinstaller:1.3.0] AndroidManifest.xml:30:17-85
83                android:value="androidx.startup" />
83-->[androidx.profileinstaller:profileinstaller:1.3.0] AndroidManifest.xml:31:17-49
84        </provider>
85
86        <activity
86-->[com.google.android.gms:play-services-base:18.5.0] AndroidManifest.xml:5:9-173
87            android:name="com.google.android.gms.common.api.GoogleApiActivity"
87-->[com.google.android.gms:play-services-base:18.5.0] AndroidManifest.xml:5:19-85
88            android:exported="false"
88-->[com.google.android.gms:play-services-base:18.5.0] AndroidManifest.xml:5:146-170
89            android:theme="@android:style/Theme.Translucent.NoTitleBar" />
89-->[com.google.android.gms:play-services-base:18.5.0] AndroidManifest.xml:5:86-145
90
91        <meta-data
91-->[com.google.android.gms:play-services-basement:18.4.0] AndroidManifest.xml:6:9-122
92            android:name="com.google.android.gms.version"
92-->[com.google.android.gms:play-services-basement:18.4.0] AndroidManifest.xml:6:20-65
93            android:value="@integer/google_play_services_version" />
93-->[com.google.android.gms:play-services-basement:18.4.0] AndroidManifest.xml:6:66-119
94
95        <receiver
95-->[androidx.profileinstaller:profileinstaller:1.3.0] AndroidManifest.xml:34:9-52:20
96            android:name="androidx.profileinstaller.ProfileInstallReceiver"
96-->[androidx.profileinstaller:profileinstaller:1.3.0] AndroidManifest.xml:35:13-76
97            android:directBootAware="false"
97-->[androidx.profileinstaller:profileinstaller:1.3.0] AndroidManifest.xml:36:13-44
98            android:enabled="true"
98-->[androidx.profileinstaller:profileinstaller:1.3.0] AndroidManifest.xml:37:13-35
99            android:exported="true"
99-->[androidx.profileinstaller:profileinstaller:1.3.0] AndroidManifest.xml:38:13-36
100            android:permission="android.permission.DUMP" >
100-->[androidx.profileinstaller:profileinstaller:1.3.0] AndroidManifest.xml:39:13-57
101            <intent-filter>
101-->[androidx.profileinstaller:profileinstaller:1.3.0] AndroidManifest.xml:40:13-42:29
102                <action android:name="androidx.profileinstaller.action.INSTALL_PROFILE" />
102-->[androidx.profileinstaller:profileinstaller:1.3.0] AndroidManifest.xml:41:17-91
102-->[androidx.profileinstaller:profileinstaller:1.3.0] AndroidManifest.xml:41:25-88
103            </intent-filter>
104            <intent-filter>
104-->[androidx.profileinstaller:profileinstaller:1.3.0] AndroidManifest.xml:43:13-45:29
105                <action android:name="androidx.profileinstaller.action.SKIP_FILE" />
105-->[androidx.profileinstaller:profileinstaller:1.3.0] AndroidManifest.xml:44:17-85
105-->[androidx.profileinstaller:profileinstaller:1.3.0] AndroidManifest.xml:44:25-82
106            </intent-filter>
107            <intent-filter>
107-->[androidx.profileinstaller:profileinstaller:1.3.0] AndroidManifest.xml:46:13-48:29
108                <action android:name="androidx.profileinstaller.action.SAVE_PROFILE" />
108-->[androidx.profileinstaller:profileinstaller:1.3.0] AndroidManifest.xml:47:17-88
108-->[androidx.profileinstaller:profileinstaller:1.3.0] AndroidManifest.xml:47:25-85
109            </intent-filter>
110            <intent-filter>
110-->[androidx.profileinstaller:profileinstaller:1.3.0] AndroidManifest.xml:49:13-51:29
111                <action android:name="androidx.profileinstaller.action.BENCHMARK_OPERATION" />
111-->[androidx.profileinstaller:profileinstaller:1.3.0] AndroidManifest.xml:50:17-95
111-->[androidx.profileinstaller:profileinstaller:1.3.0] AndroidManifest.xml:50:25-92
112            </intent-filter>
113        </receiver>
114    </application>
115
116</manifest>